Flutter crash report.
Please report a bug at https://github.com/flutter/flutter/issues.

## command

flutter run

## exception

DartDevelopmentServiceException: DartDevelopmentServiceException: Failed to start Dart Development Service

```
```

## flutter doctor

```
[32m[✓][39m Flutter (Channel stable, 3.35.4, on Microsoft
    Windows [Version 10.0.26100.6584], locale en-GB)
    [921ms]
    [32m•[39m Flutter version 3.35.4 on channel stable at
      C:\flutter
    [32m•[39m Upstream repository
      https://github.com/flutter/flutter.git
    [32m•[39m Framework revision d693b4b9db (4 weeks ago),
      2025-09-16 14:27:41 +0000
    [32m•[39m Engine revision c298091351
    [32m•[39m Dart version 3.9.2
    [32m•[39m DevTools version 2.48.0
    [32m•[39m Feature flags: enable-web, enable-linux-desktop,
      enable-macos-desktop, enable-windows-desktop,
      enable-android, enable-ios, cli-animations,
      enable-lldb-debugging

[32m[✓][39m Windows Version (11 Pro 64-bit, 24H2, 2009) [2.7s]

[33m[!][39m Android toolchain - develop for Android devices
    (Android SDK version 36.1.0) [1,165ms]
    [32m•[39m Android SDK at
      C:\Users\LENOVO\AppData\Local\Android\sdk
    [32m•[39m Emulator version 36.1.9.0 (build_id 13823996)
      (CL:N/A)
    [31m✗[39m cmdline-tools component is missing.
      Try installing or updating Android Studio.
      Alternatively, download the tools from
      https://developer.android.com/studio#command-line-
      tools-only and make sure to set the ANDROID_HOME
      environment variable.
      See
      https://developer.android.com/studio/command-line
      for more details.
    [31m✗[39m Android license status unknown.
      Run `flutter doctor --android-licenses` to accept
      the SDK licenses.
      See https://flutter.dev/to/windows-android-setup
      for more details.

[32m[✓][39m Chrome - develop for the web [444ms]
    [32m•[39m Chrome at
      C:\Users\LENOVO\AppData\Local\Google\Chrome\Applic
      ation\chrome.exe

[33m[!][39m Visual Studio - develop Windows apps (Visual Studio
    Build Tools 2019 16.11.44) [441ms]
    [32m•[39m Visual Studio at C:\Program Files (x86)\Microsoft
      Visual Studio\2019\BuildTools
    [32m•[39m Visual Studio Build Tools 2019 version
      16.11.35731.53
    [31m✗[39m Visual Studio is missing necessary components.
      Please re-run the Visual Studio installer for the
      "Desktop development with C++" workload, and
      include these components:
        MSVC v142 - VS 2019 C++ x64/x86 build tools
         - If there are multiple build tool versions
         available, install the latest
        C++ CMake tools for Windows
        Windows 10 SDK

[32m[✓][39m Android Studio (version 2025.1.3) [11ms]
    [32m•[39m Android Studio at C:\Program Files\Android\Android
      Studio
    [32m•[39m Flutter plugin can be installed from:
      🔨
      https://plugins.jetbrains.com/plugin/9212-flutter
    [32m•[39m Dart plugin can be installed from:
      🔨 https://plugins.jetbrains.com/plugin/6351-dart
    [32m•[39m Java version OpenJDK Runtime Environment (build
      21.0.7+-13880790-b1038.58)

[32m[✓][39m VS Code (version 1.104.3) [6ms]
    [32m•[39m VS Code at
      C:\Users\LENOVO\AppData\Local\Programs\Microsoft
      VS Code
    [32m•[39m Flutter extension version 3.120.0

[32m[✓][39m Connected device (3 available) [283ms]
    [32m•[39m Windows (desktop) • windows • windows-x64    •
      Microsoft Windows [Version 10.0.26100.6584]
    [32m•[39m Chrome (web)      • chrome  • web-javascript •
      Google Chrome 141.0.7390.76
    [32m•[39m Edge (web)        • edge    • web-javascript •
      Microsoft Edge 141.0.3537.71

[32m[✓][39m Network resources [487ms]
    [32m•[39m All expected network resources are available.

[33m![39m Doctor found issues in 2 categories.
```
